2025/01/23 19:24:02 Node 1: Start election for term 1
2025/01/23 19:24:02 Node 1: Became leader for term 1
2025/01/23 19:24:03 {Node 2}'s state is {state 0, term 1}} after processing AppendEntries,  AppendEntriesArgs &{1 1 0 0 [] 0} and AppendEntriesReply &{1 0 0 true} 
2025/01/23 19:24:03 {Node 0}'s state is {state 0, term 1}} after processing AppendEntries,  AppendEntriesArgs &{1 1 0 0 [] 0} and AppendEntriesReply &{1 0 0 true} 
2025/01/23 19:24:03 Node 1: Start agreement for command 101 at index 1
2025/01/23 19:24:03 Node 1: Log [{<nil> 0 0} {101 1 1}] Index 1 Term 1
2025/01/23 19:24:03 one(101) index=1
2025/01/23 19:24:03 {Node 2}'s state is {state 0, term 1}} after processing AppendEntries,  AppendEntriesArgs &{1 1 0 0 [{101 1 1}] 0} and AppendEntriesReply &{1 0 0 true} 
2025/01/23 19:24:03 Leader's commitIndex 1
2025/01/23 19:24:03 {Node 1} applies log entries from index 0 to 1 in term 1
2025/01/23 19:24:03 {Node 0} advances commitIndex from 0 to 1 with leaderCommit 1 in term 1
2025/01/23 19:24:03 {Node 0}'s state is {state 0, term 1}} after processing AppendEntries,  AppendEntriesArgs &{1 1 0 0 [{101 1 1}] 1} and AppendEntriesReply &{1 0 0 true} 
2025/01/23 19:24:03 {Node 0} applies log entries from index 0 to 1 in term 1
2025/01/23 19:24:03 {Node 2} advances commitIndex from 0 to 1 with leaderCommit 1 in term 1
2025/01/23 19:24:03 {Node 2}'s state is {state 0, term 1}} after processing AppendEntries,  AppendEntriesArgs &{1 1 1 1 [] 1} and AppendEntriesReply &{1 0 0 true} 
2025/01/23 19:24:03 {Node 0}'s state is {state 0, term 1}} after processing AppendEntries,  AppendEntriesArgs &{1 1 1 1 [] 1} and AppendEntriesReply &{1 0 0 true} 
2025/01/23 19:24:03 {Node 2} applies log entries from index 0 to 1 in term 1
2025/01/23 19:24:03 {Node 2}'s state is {state 0, term 1}} after processing AppendEntries,  AppendEntriesArgs &{1 1 1 1 [] 1} and AppendEntriesReply &{1 0 0 true} 
2025/01/23 19:24:03 {Node 0}'s state is {state 0, term 1}} after processing AppendEntries,  AppendEntriesArgs &{1 1 1 1 [] 1} and AppendEntriesReply &{1 0 0 true} 
2025/01/23 19:24:03 {Node 2}'s state is {state 0, term 1}} after processing AppendEntries,  AppendEntriesArgs &{1 1 1 1 [] 1} and AppendEntriesReply &{1 0 0 true} 
2025/01/23 19:24:03 {Node 0}'s state is {state 0, term 1}} after processing AppendEntries,  AppendEntriesArgs &{1 1 1 1 [] 1} and AppendEntriesReply &{1 0 0 true} 
2025/01/23 19:24:03 {Node 2}'s state is {state 0, term 1}} after processing AppendEntries,  AppendEntriesArgs &{1 1 1 1 [] 1} and AppendEntriesReply &{1 0 0 true} 
2025/01/23 19:24:03 {Node 0}'s state is {state 0, term 1}} after processing AppendEntries,  AppendEntriesArgs &{1 1 1 1 [] 1} and AppendEntriesReply &{1 0 0 true} 
2025/01/23 19:24:03 {Node 0}'s state is {state 0, term 1}} after processing AppendEntries,  AppendEntriesArgs &{1 1 1 1 [] 1} and AppendEntriesReply &{1 0 0 true} 
2025/01/23 19:24:03 {Node 2}'s state is {state 0, term 1}} after processing AppendEntries,  AppendEntriesArgs &{1 1 1 1 [] 1} and AppendEntriesReply &{1 0 0 true} 
2025/01/23 19:24:03 leader1: 1
2025/01/23 19:24:03 Node 1: Start agreement for command 102 at index 2
2025/01/23 19:24:03 Node 1: Log [{<nil> 0 0} {101 1 1} {102 2 1}] Index 2 Term 1
2025/01/23 19:24:03 Node 1: Start agreement for command 103 at index 3
2025/01/23 19:24:03 Node 1: Log [{<nil> 0 0} {101 1 1} {102 2 1} {103 3 1}] Index 3 Term 1
2025/01/23 19:24:03 Node 1: Start agreement for command 104 at index 4
2025/01/23 19:24:03 Node 1: Log [{<nil> 0 0} {101 1 1} {102 2 1} {103 3 1} {104 4 1}] Index 4 Term 1
2025/01/23 19:24:04 Node 1: Start election for term 2
2025/01/23 19:24:04 Node 0: Start election for term 2
2025/01/23 19:24:04 Node 0: Became leader for term 2
2025/01/23 19:24:04 {Node 2}'s state is {state 0, term 2}} after processing AppendEntries,  AppendEntriesArgs &{2 0 1 1 [] 1} and AppendEntriesReply &{2 0 0 true} 
2025/01/23 19:24:04 Node 0: Start agreement for command 103 at index 2
2025/01/23 19:24:04 Node 0: Log [{<nil> 0 0} {101 1 1} {103 2 2}] Index 2 Term 2
2025/01/23 19:24:04 one(103) index=2
2025/01/23 19:24:04 {Node 2}'s state is {state 0, term 2}} after processing AppendEntries,  AppendEntriesArgs &{2 0 1 1 [{103 2 2}] 1} and AppendEntriesReply &{2 0 0 true} 
2025/01/23 19:24:04 Leader's commitIndex 2
2025/01/23 19:24:04 {Node 0} applies log entries from index 1 to 2 in term 2
2025/01/23 19:24:04 {Node 2} advances commitIndex from 1 to 2 with leaderCommit 2 in term 2
2025/01/23 19:24:04 {Node 2}'s state is {state 0, term 2}} after processing AppendEntries,  AppendEntriesArgs &{2 0 2 2 [] 2} and AppendEntriesReply &{2 0 0 true} 
2025/01/23 19:24:04 {Node 2} applies log entries from index 1 to 2 in term 2
2025/01/23 19:24:05 {Node 2}'s state is {state 0, term 2}} after processing AppendEntries,  AppendEntriesArgs &{2 0 2 2 [] 2} and AppendEntriesReply &{2 0 0 true} 
2025/01/23 19:24:05 {Node 2}'s state is {state 0, term 2}} after processing AppendEntries,  AppendEntriesArgs &{2 0 2 2 [] 2} and AppendEntriesReply &{2 0 0 true} 
2025/01/23 19:24:05 {Node 2}'s state is {state 0, term 2}} after processing AppendEntries,  AppendEntriesArgs &{2 0 2 2 [] 2} and AppendEntriesReply &{2 0 0 true} 
2025/01/23 19:24:05 leader2: 0
2025/01/23 19:24:05 connect: 1
2025/01/23 19:24:05 Node 0: Start election for term 3
2025/01/23 19:24:06 Node 1: Start election for term 3
2025/01/23 19:24:08 Node 2: Start election for term 4
2025/01/23 19:24:08 Node 2: Became leader for term 4
2025/01/23 19:24:08 {Node 1}'s state is {state 0, term 4}} after processing AppendEntries,  AppendEntriesArgs &{4 2 2 2 [] 2} and AppendEntriesReply &{4 3 2 false} 
2025/01/23 19:24:08 Node 2: Decrease nextIndex for peer 1 to 3
2025/01/23 19:24:08 Node 2: Decrease nextIndex for peer 1 to 2
2025/01/23 19:24:08 Node 2: Start agreement for command 104 at index 3
2025/01/23 19:24:08 Node 2: Log [{<nil> 0 0} {101 1 1} {103 2 2} {104 3 4}] Index 3 Term 4
2025/01/23 19:24:08 one(104) index=3
2025/01/23 19:24:08 {Node 1} advances commitIndex from 1 to 2 with leaderCommit 2 in term 4
2025/01/23 19:24:08 {Node 1}'s state is {state 0, term 4}} after processing AppendEntries,  AppendEntriesArgs &{4 2 1 1 [{103 2 2} {104 3 4}] 2} and AppendEntriesReply &{4 0 0 true} 
2025/01/23 19:24:08 {Node 1} applies log entries from index 1 to 2 in term 4
2025/01/23 19:24:08 Leader's commitIndex 3
2025/01/23 19:24:08 {Node 2} applies log entries from index 2 to 3 in term 4
2025/01/23 19:24:08 {Node 1} advances commitIndex from 2 to 3 with leaderCommit 3 in term 4
2025/01/23 19:24:08 {Node 1}'s state is {state 0, term 4}} after processing AppendEntries,  AppendEntriesArgs &{4 2 3 4 [] 3} and AppendEntriesReply &{4 0 0 true} 
2025/01/23 19:24:08 {Node 1} applies log entries from index 2 to 3 in term 4
2025/01/23 19:24:08 Node 2: Start agreement for command 105 at index 4
2025/01/23 19:24:08 Node 2: Log [{<nil> 0 0} {101 1 1} {103 2 2} {104 3 4} {105 4 4}] Index 4 Term 4
2025/01/23 19:24:08 one(105) index=4
2025/01/23 19:24:08 {Node 1}'s state is {state 0, term 4}} after processing AppendEntries,  AppendEntriesArgs &{4 2 3 4 [{105 4 4}] 3} and AppendEntriesReply &{4 0 0 true} 
2025/01/23 19:24:08 Leader's commitIndex 4
2025/01/23 19:24:08 {Node 2} applies log entries from index 3 to 4 in term 4
2025/01/23 19:24:08 {Node 1} advances commitIndex from 3 to 4 with leaderCommit 4 in term 4
2025/01/23 19:24:08 {Node 1}'s state is {state 0, term 4}} after processing AppendEntries,  AppendEntriesArgs &{4 2 4 4 [] 4} and AppendEntriesReply &{4 0 0 true} 
2025/01/23 19:24:08 {Node 1} applies log entries from index 3 to 4 in term 4
2025/01/23 19:24:08 {Node 0} advances commitIndex from 2 to 4 with leaderCommit 4 in term 4
2025/01/23 19:24:08 {Node 0}'s state is {state 0, term 3}} after processing AppendEntries,  AppendEntriesArgs &{4 2 2 2 [{104 3 4} {105 4 4}] 4} and AppendEntriesReply &{4 0 0 true} 
2025/01/23 19:24:08 {Node 0} applies log entries from index 2 to 4 in term 4
